0 info it worked if it ends with ok
1 verbose cli [ 'C:\\Program Files\\nodejs\\node.exe',
1 verbose cli   'C:\\Program Files\\nodejs\\node_modules\\npm\\bin\\npm-cli.js',
1 verbose cli   'run',
1 verbose cli   'build' ]
2 info using npm@3.10.10
3 info using node@v6.11.2
4 verbose run-script [ 'prebuild', 'build', 'postbuild' ]
5 info lifecycle main@1.0.0~prebuild: main@1.0.0
6 silly lifecycle main@1.0.0~prebuild: no script for prebuild, continuing
7 info lifecycle main@1.0.0~build: main@1.0.0
8 verbose lifecycle main@1.0.0~build: unsafe-perm in lifecycle true
9 verbose lifecycle main@1.0.0~build: PATH: C:\Program Files\nodejs\node_modules\npm\bin\node-gyp-bin;D:\Projekte\Ynfinite_CMS_Plugins\Ynfinite\contao-com-bundle\js\node_modules\.bin;C:\Program Files\Docker\Docker\Resources\bin;C:\ProgramData\Oracle\Java\javapath;C:\Program Files (x86)\Intel\iCLS Client\;C:\Program Files\Intel\iCLS Client\;C:\WINDOWS\system32;C:\WINDOWS;C:\WINDOWS\System32\Wbem;C:\WINDOWS\System32\WindowsPowerShell\v1.0\;C:\Program Files (x86)\ATI Technologies\ATI.ACE\Core-Static;C:\Program Files\Intel\Intel(R) Management Engine Components\DAL;C:\Program Files (x86)\Intel\Intel(R) Management Engine Components\DAL;C:\Program Files\Intel\Intel(R) Management Engine Components\IPT;C:\Program Files (x86)\Intel\Intel(R) Management Engine Components\IPT;C:\Program Files (x86)\AMD\ATI.ACE\Core-Static;C:\Program Files\Git\cmd;c:\Program Files\MongoDB\Server\3.2\bin\;C:\Program Files (x86)\NVIDIA Corporation\PhysX\Common;C:\Program Files (x86)\GtkSharp\2.12\bin;C:\Program Files (x86)\Skype\Phone\;C:\Program Files\nodejs\;D:\Program Files (x86)\putty\;D:\wamp64\bin\php\php7.0.23;D:\composer;D:\Programmer\Ruby22-x64\bin;C:\Users\Markus Claus\AppData\Local\Microsoft\WindowsApps;D:\Program Files (x86)\Microsoft VS Code\bin;C:\Android\sdk\platform-tools;C:\Android\sdk\tools;C:\Users\Markus Claus\AppData\Roaming\npm;C:\Users\Markus Claus\AppData\Roaming\Composer\vendor\bin
10 verbose lifecycle main@1.0.0~build: CWD: D:\Projekte\Ynfinite_CMS_Plugins\Ynfinite\contao-com-bundle\js
11 silly lifecycle main@1.0.0~build: Args: [ '/d /s /c', 'webpack --watch --colors --progress' ]
12 silly lifecycle main@1.0.0~build: Returned: code: 3221225786  signal: null
13 info lifecycle main@1.0.0~build: Failed to exec build script
14 verbose stack Error: main@1.0.0 build: `webpack --watch --colors --progress`
14 verbose stack Exit status 3221225786
14 verbose stack     at EventEmitter.<anonymous> (C:\Program Files\nodejs\node_modules\npm\lib\utils\lifecycle.js:255:16)
14 verbose stack     at emitTwo (events.js:106:13)
14 verbose stack     at EventEmitter.emit (events.js:191:7)
14 verbose stack     at ChildProcess.<anonymous> (C:\Program Files\nodejs\node_modules\npm\lib\utils\spawn.js:40:14)
14 verbose stack     at emitTwo (events.js:106:13)
14 verbose stack     at ChildProcess.emit (events.js:191:7)
14 verbose stack     at maybeClose (internal/child_process.js:891:16)
14 verbose stack     at Process.ChildProcess._handle.onexit (internal/child_process.js:226:5)
15 verbose pkgid main@1.0.0
16 verbose cwd D:\Projekte\Ynfinite_CMS_Plugins\Ynfinite\contao-com-bundle\js
17 error Windows_NT 10.0.14393
18 error argv "C:\\Program Files\\nodejs\\node.exe" "C:\\Program Files\\nodejs\\node_modules\\npm\\bin\\npm-cli.js" "run" "build"
19 error node v6.11.2
20 error npm  v3.10.10
21 error code ELIFECYCLE
22 error main@1.0.0 build: `webpack --watch --colors --progress`
22 error Exit status 3221225786
23 error Failed at the main@1.0.0 build script 'webpack --watch --colors --progress'.
23 error Make sure you have the latest version of node.js and npm installed.
23 error If you do, this is most likely a problem with the main package,
23 error not with npm itself.
23 error Tell the author that this fails on your system:
23 error     webpack --watch --colors --progress
23 error You can get information on how to open an issue for this project with:
23 error     npm bugs main
23 error Or if that isn't available, you can get their info via:
23 error     npm owner ls main
23 error There is likely additional logging output above.
24 verbose exit [ 1, true ]
